
Number of platforms: 1

platform: 0
- CL_PLATFORM_NAME      : AMD Accelerated Parallel Processing
- CL_PLATFORM_VENDOR    : Advanced Micro Devices, Inc.
- CL_PLATFORM_PROFILE   : FULL_PROFILE
- CL_PLATFORM_VERSION   : OpenCL 1.2 AMD-APP (1084.4)
- CL_PLATFORM_EXTENSIONS: cl_khr_icd cl_amd_event_callback cl_amd_offline_devices

Number of devices: 5
device: 0 (CL_DEVICE_TYPE_GPU) default
 - CL_DEVICE_NAME                         : Tahiti
 - CL_DEVICE_VENDOR                       : Advanced Micro Devices, Inc.
 - CL_DRIVER_VERSION                      : 1084.4 (VM)
 - CL_DEVICE_PROFILE                      : FULL_PROFILE
 - CL_DEVICE_VERSION                      : OpenCL 1.2 AMD-APP (1084.4)
 - CL_DEVICE_MAX_COMPUTE_UNITS                      :  
 - CL_DEVICE_MAX_WORK_ITEM_DIMENSIONS                      : 
 - CL_DEVICE__MAX_WORK_GROUP_SIZE                      : 
 - CL_DEVICE_MAX_WORK_ITEM_SIZES                      : 

device: 1 (CL_DEVICE_TYPE_GPU)
 - CL_DEVICE_NAME                         : Tahiti
 - CL_DEVICE_VENDOR                       : Advanced Micro Devices, Inc.
 - CL_DRIVER_VERSION                      : 1084.4 (VM)
 - CL_DEVICE_PROFILE                      : FULL_PROFILE
 - CL_DEVICE_VERSION                      : OpenCL 1.2 AMD-APP (1084.4)
 - CL_DEVICE_MAX_COMPUTE_UNITS                      :  
 - CL_DEVICE_MAX_WORK_ITEM_DIMENSIONS                      : 
 - CL_DEVICE__MAX_WORK_GROUP_SIZE                      : 
 - CL_DEVICE_MAX_WORK_ITEM_SIZES                      : 

device: 2 (CL_DEVICE_TYPE_GPU)
 - CL_DEVICE_NAME                         : Tahiti
 - CL_DEVICE_VENDOR                       : Advanced Micro Devices, Inc.
 - CL_DRIVER_VERSION                      : 1084.4 (VM)
 - CL_DEVICE_PROFILE                      : FULL_PROFILE
 - CL_DEVICE_VERSION                      : OpenCL 1.2 AMD-APP (1084.4)
 - CL_DEVICE_MAX_COMPUTE_UNITS                      :  
 - CL_DEVICE_MAX_WORK_ITEM_DIMENSIONS                      : 
 - CL_DEVICE__MAX_WORK_GROUP_SIZE                      : 
 - CL_DEVICE_MAX_WORK_ITEM_SIZES                      : 

device: 3 (CL_DEVICE_TYPE_GPU)
 - CL_DEVICE_NAME                         : Tahiti
 - CL_DEVICE_VENDOR                       : Advanced Micro Devices, Inc.
 - CL_DRIVER_VERSION                      : 1084.4 (VM)
 - CL_DEVICE_PROFILE                      : FULL_PROFILE
 - CL_DEVICE_VERSION                      : OpenCL 1.2 AMD-APP (1084.4)
 - CL_DEVICE_MAX_COMPUTE_UNITS                      :  
 - CL_DEVICE_MAX_WORK_ITEM_DIMENSIONS                      : 
 - CL_DEVICE__MAX_WORK_GROUP_SIZE                      : 
 - CL_DEVICE_MAX_WORK_ITEM_SIZES                      : 

device: 4 (CL_DEVICE_TYPE_CPU)
 - CL_DEVICE_NAME                         : Intel(R) Xeon(R) CPU E5-2650 0 @ 2.00GHz
 - CL_DEVICE_VENDOR                       : GenuineIntel
 - CL_DRIVER_VERSION                      : 1084.4 (sse2,avx)
 - CL_DEVICE_PROFILE                      : FULL_PROFILE
 - CL_DEVICE_VERSION                      : OpenCL 1.2 AMD-APP (1084.4)
 - CL_DEVICE_MAX_COMPUTE_UNITS                      :  
 - CL_DEVICE_MAX_WORK_ITEM_DIMENSIONS                      : 
 - CL_DEVICE__MAX_WORK_GROUP_SIZE                      : 
 - CL_DEVICE_MAX_WORK_ITEM_SIZES                      : 


