[04/08 20:25:21.415] [NIDAQ_DAQ] Dev2 : mode(LOCAL) rate(10000) time(9.000000) status(READY IDLE ) shot(1/1)
[04/08 20:25:21.415] [NIDAQ_DAQ] Dev2 : mode(LOCAL) rate(10000) time(10.000000-1.000000 = 9.000000) beam(0)
[04/08 20:25:21.546] [NIDAQ_DAQ] Dev1 : mode(LOCAL) rate(10000) time(9.000000) status(READY IDLE ) shot(1/1)
[04/08 20:25:21.546] [NIDAQ_DAQ] Dev1 : mode(LOCAL) rate(10000) time(10.000000-1.000000 = 9.000000) beam(0)
[04/08 20:25:22.417] [NIDAQ_DAQ] Dev2 : mode(LOCAL) rate(10000) time(9.000000) status(READY IDLE ) shot(1/1)
[04/08 20:25:22.417] [NIDAQ_DAQ] Dev2 : mode(LOCAL) rate(10000) time(10.000000-1.000000 = 9.000000) beam(0)
[04/08 20:25:22.548] [NIDAQ_DAQ] Dev1 : mode(LOCAL) rate(10000) time(9.000000) status(READY IDLE ) shot(1/1)
[04/08 20:25:22.548] [NIDAQ_DAQ] Dev1 : mode(LOCAL) rate(10000) time(10.000000-1.000000 = 9.000000) beam(0)
[04/08 20:25:23.420] [NIDAQ_DAQ] Dev2 : mode(LOCAL) rate(10000) time(9.000000) status(READY IDLE ) shot(1/1)
[04/08 20:25:23.420] [NIDAQ_DAQ] Dev2 : mode(LOCAL) rate(10000) time(10.000000-1.000000 = 9.000000) beam(0)
[04/08 20:25:23.550] [NIDAQ_DAQ] Dev1 : mode(LOCAL) rate(10000) time(9.000000) status(READY IDLE ) shot(1/1)
[04/08 20:25:23.550] [NIDAQ_DAQ] Dev1 : mode(LOCAL) rate(10000) time(10.000000-1.000000 = 9.000000) beam(0)
[04/08 20:25:24.422] [NIDAQ_DAQ] Dev2 : mode(LOCAL) rate(10000) time(9.000000) status(READY IDLE ) shot(1/1)
[04/08 20:25:24.422] [NIDAQ_DAQ] Dev2 : mode(LOCAL) rate(10000) time(10.000000-1.000000 = 9.000000) beam(0)
[04/08 20:25:24.552] [NIDAQ_DAQ] Dev1 : mode(LOCAL) rate(10000) time(9.000000) status(READY IDLE ) shot(1/1)
[04/08 20:25:24.552] [NIDAQ_DAQ] Dev1 : mode(LOCAL) rate(10000) time(10.000000-1.000000 = 9.000000) beam(0)
[04/08 20:25:25.424] [NIDAQ_DAQ] Dev2 : mode(LOCAL) rate(10000) time(9.000000) status(READY IDLE ) shot(1/1)
[04/08 20:25:25.424] [NIDAQ_DAQ] Dev2 : mode(LOCAL) rate(10000) time(10.000000-1.000000 = 9.000000) beam(0)
[04/08 20:25:25.554] [NIDAQ_DAQ] Dev1 : mode(LOCAL) rate(10000) time(9.000000) status(READY IDLE ) shot(1/1)
[04/08 20:25:25.554] [NIDAQ_DAQ] Dev1 : mode(LOCAL) rate(10000) time(10.000000-1.000000 = 9.000000) beam(0)
[04/08 20:25:26.426] [NIDAQ_DAQ] Dev2 : mode(LOCAL) rate(10000) time(9.000000) status(READY IDLE ) shot(1/1)
[04/08 20:25:26.426] [NIDAQ_DAQ] Dev2 : mode(LOCAL) rate(10000) time(10.000000-1.000000 = 9.000000) beam(0)
[04/08 20:25:26.556] [NIDAQ_DAQ] Dev1 : mode(LOCAL) rate(10000) time(9.000000) status(READY IDLE ) shot(1/1)
[04/08 20:25:26.557] [NIDAQ_DAQ] Dev1 : mode(LOCAL) rate(10000) time(10.000000-1.000000 = 9.000000) beam(0)
[04/08 20:25:27.428] [NIDAQ_DAQ] Dev2 : mode(LOCAL) rate(10000) time(9.000000) status(READY IDLE ) shot(1/1)
[04/08 20:25:27.428] [NIDAQ_DAQ] Dev2 : mode(LOCAL) rate(10000) time(10.000000-1.000000 = 9.000000) beam(0)
[04/08 20:25:27.559] [NIDAQ_DAQ] Dev1 : mode(LOCAL) rate(10000) time(9.000000) status(READY IDLE ) shot(1/1)
[04/08 20:25:27.559] [NIDAQ_DAQ] Dev1 : mode(LOCAL) rate(10000) time(10.000000-1.000000 = 9.000000) beam(0)
[04/08 20:25:28.430] [NIDAQ_DAQ] Dev2 : mode(LOCAL) rate(10000) time(9.000000) status(READY IDLE ) shot(1/1)
[04/08 20:25:28.430] [NIDAQ_DAQ] Dev2 : mode(LOCAL) rate(10000) time(10.000000-1.000000 = 9.000000) beam(0)
[04/08 20:25:28.561] [NIDAQ_DAQ] Dev1 : mode(LOCAL) rate(10000) time(9.000000) status(READY IDLE ) shot(1/1)
[04/08 20:25:28.561] [NIDAQ_DAQ] Dev1 : mode(LOCAL) rate(10000) time(10.000000-1.000000 = 9.000000) beam(0)
[04/08 20:25:29.432] [NIDAQ_DAQ] Dev2 : mode(LOCAL) rate(10000) time(9.000000) status(READY IDLE ) shot(1/1)
[04/08 20:25:29.432] [NIDAQ_DAQ] Dev2 : mode(LOCAL) rate(10000) time(10.000000-1.000000 = 9.000000) beam(0)
[04/08 20:25:29.563] [NIDAQ_DAQ] Dev1 : mode(LOCAL) rate(10000) time(9.000000) status(READY IDLE ) shot(1/1)
[04/08 20:25:29.563] [NIDAQ_DAQ] Dev1 : mode(LOCAL) rate(10000) time(10.000000-1.000000 = 9.000000) beam(0)
[04/08 20:25:30.434] [NIDAQ_DAQ] Dev2 : mode(LOCAL) rate(10000) time(9.000000) status(READY IDLE ) shot(1/1)
[04/08 20:25:30.434] [NIDAQ_DAQ] Dev2 : mode(LOCAL) rate(10000) time(10.000000-1.000000 = 9.000000) beam(0)
[04/08 20:25:30.565] [NIDAQ_DAQ] Dev1 : mode(LOCAL) rate(10000) time(9.000000) status(READY IDLE ) shot(1/1)
[04/08 20:25:30.565] [NIDAQ_DAQ] Dev1 : mode(LOCAL) rate(10000) time(10.000000-1.000000 = 9.000000) beam(0)
[04/08 20:25:31.436] [NIDAQ_DAQ] Dev2 : mode(LOCAL) rate(10000) time(9.000000) status(READY IDLE ) shot(1/1)
[04/08 20:25:31.436] [NIDAQ_DAQ] Dev2 : mode(LOCAL) rate(10000) time(10.000000-1.000000 = 9.000000) beam(0)
[04/08 20:25:31.567] [NIDAQ_DAQ] Dev1 : mode(LOCAL) rate(10000) time(9.000000) status(READY IDLE ) shot(1/1)
[04/08 20:25:31.567] [NIDAQ_DAQ] Dev1 : mode(LOCAL) rate(10000) time(10.000000-1.000000 = 9.000000) beam(0)
[04/08 20:25:32.438] [NIDAQ_DAQ] Dev2 : mode(LOCAL) rate(10000) time(9.000000) status(READY IDLE ) shot(1/1)
[04/08 20:25:32.438] [NIDAQ_DAQ] Dev2 : mode(LOCAL) rate(10000) time(10.000000-1.000000 = 9.000000) beam(0)
[04/08 20:25:32.569] [NIDAQ_DAQ] Dev1 : mode(LOCAL) rate(10000) time(9.000000) status(READY IDLE ) shot(1/1)
[04/08 20:25:32.569] [NIDAQ_DAQ] Dev1 : mode(LOCAL) rate(10000) time(10.000000-1.000000 = 9.000000) beam(0)
[04/08 20:25:33.440] [NIDAQ_DAQ] Dev2 : mode(LOCAL) rate(10000) time(9.000000) status(READY IDLE ) shot(1/1)
[04/08 20:25:33.440] [NIDAQ_DAQ] Dev2 : mode(LOCAL) rate(10000) time(10.000000-1.000000 = 9.000000) beam(0)
[04/08 20:25:33.571] [NIDAQ_DAQ] Dev1 : mode(LOCAL) rate(10000) time(9.000000) status(READY IDLE ) shot(1/1)
[04/08 20:25:33.571] [NIDAQ_DAQ] Dev1 : mode(LOCAL) rate(10000) time(10.000000-1.000000 = 9.000000) beam(0)
[04/08 20:25:34.442] [NIDAQ_DAQ] Dev2 : mode(LOCAL) rate(10000) time(9.000000) status(READY IDLE ) shot(1/1)
[04/08 20:25:34.442] [NIDAQ_DAQ] Dev2 : mode(LOCAL) rate(10000) time(10.000000-1.000000 = 9.000000) beam(0)
[04/08 20:25:34.573] [NIDAQ_DAQ] Dev1 : mode(LOCAL) rate(10000) time(9.000000) status(READY IDLE ) shot(1/1)
[04/08 20:25:34.573] [NIDAQ_DAQ] Dev1 : mode(LOCAL) rate(10000) time(10.000000-1.000000 = 9.000000) beam(0)
[04/08 20:25:35.444] [NIDAQ_DAQ] Dev2 : mode(LOCAL) rate(10000) time(9.000000) status(READY IDLE ) shot(1/1)
[04/08 20:25:35.444] [NIDAQ_DAQ] Dev2 : mode(LOCAL) rate(10000) time(10.000000-1.000000 = 9.000000) beam(0)
[04/08 20:25:35.575] [NIDAQ_DAQ] Dev1 : mode(LOCAL) rate(10000) time(9.000000) status(READY IDLE ) shot(1/1)
[04/08 20:25:35.575] [NIDAQ_DAQ] Dev1 : mode(LOCAL) rate(10000) time(10.000000-1.000000 = 9.000000) beam(0)
[04/08 20:25:36.446] [NIDAQ_DAQ] Dev2 : mode(LOCAL) rate(10000) time(9.000000) status(READY IDLE ) shot(1/1)
[04/08 20:25:36.446] [NIDAQ_DAQ] Dev2 : mode(LOCAL) rate(10000) time(10.000000-1.000000 = 9.000000) beam(0)
[04/08 20:25:36.577] [NIDAQ_DAQ] Dev1 : mode(LOCAL) rate(10000) time(9.000000) status(READY IDLE ) shot(1/1)
[04/08 20:25:36.577] [NIDAQ_DAQ] Dev1 : mode(LOCAL) rate(10000) time(10.000000-1.000000 = 9.000000) beam(0)
[04/08 20:25:37.449] [NIDAQ_DAQ] Dev2 : mode(LOCAL) rate(10000) time(9.000000) status(READY IDLE ) shot(1/1)
[04/08 20:25:37.449] [NIDAQ_DAQ] Dev2 : mode(LOCAL) rate(10000) time(10.000000-1.000000 = 9.000000) beam(0)
[04/08 20:25:37.579] [NIDAQ_DAQ] Dev1 : mode(LOCAL) rate(10000) time(9.000000) status(READY IDLE ) shot(1/1)
[04/08 20:25:37.579] [NIDAQ_DAQ] Dev1 : mode(LOCAL) rate(10000) time(10.000000-1.000000 = 9.000000) beam(0)
[04/08 20:25:38.450] [NIDAQ_DAQ] Dev2 : mode(LOCAL) rate(10000) time(9.000000) status(READY IDLE ) shot(1/1)
[04/08 20:25:38.450] [NIDAQ_DAQ] Dev2 : mode(LOCAL) rate(10000) time(10.000000-1.000000 = 9.000000) beam(0)
[04/08 20:25:38.581] [NIDAQ_DAQ] Dev1 : mode(LOCAL) rate(10000) time(9.000000) status(READY IDLE ) shot(1/1)
[04/08 20:25:38.581] [NIDAQ_DAQ] Dev1 : mode(LOCAL) rate(10000) time(10.000000-1.000000 = 9.000000) beam(0)
[04/08 20:25:39.453] [NIDAQ_DAQ] Dev2 : mode(LOCAL) rate(10000) time(9.000000) status(READY IDLE ) shot(1/1)
[04/08 20:25:39.453] [NIDAQ_DAQ] Dev2 : mode(LOCAL) rate(10000) time(10.000000-1.000000 = 9.000000) beam(0)
[04/08 20:25:39.583] [NIDAQ_DAQ] Dev1 : mode(LOCAL) rate(10000) time(9.000000) status(READY IDLE ) shot(1/1)
[04/08 20:25:39.583] [NIDAQ_DAQ] Dev1 : mode(LOCAL) rate(10000) time(10.000000-1.000000 = 9.000000) beam(0)
[04/08 20:25:40.454] [NIDAQ_DAQ] Dev2 : mode(LOCAL) rate(10000) time(9.000000) status(READY IDLE ) shot(1/1)
[04/08 20:25:40.454] [NIDAQ_DAQ] Dev2 : mode(LOCAL) rate(10000) time(10.000000-1.000000 = 9.000000) beam(0)
[04/08 20:25:40.585] [NIDAQ_DAQ] Dev1 : mode(LOCAL) rate(10000) time(9.000000) status(READY IDLE ) shot(1/1)
[04/08 20:25:40.585] [NIDAQ_DAQ] Dev1 : mode(LOCAL) rate(10000) time(10.000000-1.000000 = 9.000000) beam(0)
[04/08 20:25:41.457] [NIDAQ_DAQ] Dev2 : mode(LOCAL) rate(10000) time(9.000000) status(READY IDLE ) shot(1/1)
[04/08 20:25:41.457] [NIDAQ_DAQ] Dev2 : mode(LOCAL) rate(10000) time(10.000000-1.000000 = 9.000000) beam(0)
[04/08 20:25:41.587] [NIDAQ_DAQ] Dev1 : mode(LOCAL) rate(10000) time(9.000000) status(READY IDLE ) shot(1/1)
[04/08 20:25:41.587] [NIDAQ_DAQ] Dev1 : mode(LOCAL) rate(10000) time(10.000000-1.000000 = 9.000000) beam(0)
[04/08 20:25:42.458] [NIDAQ_DAQ] Dev2 : mode(LOCAL) rate(10000) time(9.000000) status(READY IDLE ) shot(1/1)
[04/08 20:25:42.458] [NIDAQ_DAQ] Dev2 : mode(LOCAL) rate(10000) time(10.000000-1.000000 = 9.000000) beam(0)
[04/08 20:25:42.589] [NIDAQ_DAQ] Dev1 : mode(LOCAL) rate(10000) time(9.000000) status(READY IDLE ) shot(1/1)
[04/08 20:25:42.589] [NIDAQ_DAQ] Dev1 : mode(LOCAL) rate(10000) time(10.000000-1.000000 = 9.000000) beam(0)
[04/08 20:25:43.461] [NIDAQ_DAQ] Dev2 : mode(LOCAL) rate(10000) time(9.000000) status(READY IDLE ) shot(1/1)
[04/08 20:25:43.461] [NIDAQ_DAQ] Dev2 : mode(LOCAL) rate(10000) time(10.000000-1.000000 = 9.000000) beam(0)
[04/08 20:25:43.591] [NIDAQ_DAQ] Dev1 : mode(LOCAL) rate(10000) time(9.000000) status(READY IDLE ) shot(1/1)
[04/08 20:25:43.591] [NIDAQ_DAQ] Dev1 : mode(LOCAL) rate(10000) time(10.000000-1.000000 = 9.000000) beam(0)
[04/08 20:25:44.462] [NIDAQ_DAQ] Dev2 : mode(LOCAL) rate(10000) time(9.000000) status(READY IDLE ) shot(1/1)
[04/08 20:25:44.462] [NIDAQ_DAQ] Dev2 : mode(LOCAL) rate(10000) time(10.000000-1.000000 = 9.000000) beam(0)
[04/08 20:25:44.593] [NIDAQ_DAQ] Dev1 : mode(LOCAL) rate(10000) time(9.000000) status(READY IDLE ) shot(1/1)
[04/08 20:25:44.593] [NIDAQ_DAQ] Dev1 : mode(LOCAL) rate(10000) time(10.000000-1.000000 = 9.000000) beam(0)
[04/08 20:25:45.464] [NIDAQ_DAQ] Dev2 : mode(LOCAL) rate(10000) time(9.000000) status(READY IDLE ) shot(1/1)
[04/08 20:25:45.464] [NIDAQ_DAQ] Dev2 : mode(LOCAL) rate(10000) time(10.000000-1.000000 = 9.000000) beam(0)
[04/08 20:25:45.595] [NIDAQ_DAQ] Dev1 : mode(LOCAL) rate(10000) time(9.000000) status(READY IDLE ) shot(1/1)
[04/08 20:25:45.595] [NIDAQ_DAQ] Dev1 : mode(LOCAL) rate(10000) time(10.000000-1.000000 = 9.000000) beam(0)
[04/08 20:25:46.466] [NIDAQ_DAQ] Dev2 : mode(LOCAL) rate(10000) time(9.000000) status(READY IDLE ) shot(1/1)
[04/08 20:25:46.467] [NIDAQ_DAQ] Dev2 : mode(LOCAL) rate(10000) time(10.000000-1.000000 = 9.000000) beam(0)
[04/08 20:25:46.597] [NIDAQ_DAQ] Dev1 : mode(LOCAL) rate(10000) time(9.000000) status(READY IDLE ) shot(1/1)
[04/08 20:25:46.597] [NIDAQ_DAQ] Dev1 : mode(LOCAL) rate(10000) time(10.000000-1.000000 = 9.000000) beam(0)
[04/08 20:25:47.468] [NIDAQ_DAQ] Dev2 : mode(LOCAL) rate(10000) time(9.000000) status(READY IDLE ) shot(1/1)
[04/08 20:25:47.468] [NIDAQ_DAQ] Dev2 : mode(LOCAL) rate(10000) time(10.000000-1.000000 = 9.000000) beam(0)
[04/08 20:25:47.599] [NIDAQ_DAQ] Dev1 : mode(LOCAL) rate(10000) time(9.000000) status(READY IDLE ) shot(1/1)
[04/08 20:25:47.599] [NIDAQ_DAQ] Dev1 : mode(LOCAL) rate(10000) time(10.000000-1.000000 = 9.000000) beam(0)
[04/08 20:25:48.471] [NIDAQ_DAQ] Dev2 : mode(LOCAL) rate(10000) time(9.000000) status(READY IDLE ) shot(1/1)
[04/08 20:25:48.471] [NIDAQ_DAQ] Dev2 : mode(LOCAL) rate(10000) time(10.000000-1.000000 = 9.000000) beam(0)
[04/08 20:25:48.601] [NIDAQ_DAQ] Dev1 : mode(LOCAL) rate(10000) time(9.000000) status(READY IDLE ) shot(1/1)
[04/08 20:25:48.601] [NIDAQ_DAQ] Dev1 : mode(LOCAL) rate(10000) time(10.000000-1.000000 = 9.000000) beam(0)
[04/08 20:25:49.472] [NIDAQ_DAQ] Dev2 : mode(LOCAL) rate(10000) time(9.000000) status(READY IDLE ) shot(1/1)
[04/08 20:25:49.472] [NIDAQ_DAQ] Dev2 : mode(LOCAL) rate(10000) time(10.000000-1.000000 = 9.000000) beam(0)
[04/08 20:25:49.603] [NIDAQ_DAQ] Dev1 : mode(LOCAL) rate(10000) time(9.000000) status(READY IDLE ) shot(1/1)
[04/08 20:25:49.603] [NIDAQ_DAQ] Dev1 : mode(LOCAL) rate(10000) time(10.000000-1.000000 = 9.000000) beam(0)
[04/08 20:25:50.475] [NIDAQ_DAQ] Dev2 : mode(LOCAL) rate(10000) time(9.000000) status(READY IDLE ) shot(1/1)
[04/08 20:25:50.475] [NIDAQ_DAQ] Dev2 : mode(LOCAL) rate(10000) time(10.000000-1.000000 = 9.000000) beam(0)
[04/08 20:25:50.605] [NIDAQ_DAQ] Dev1 : mode(LOCAL) rate(10000) time(9.000000) status(READY IDLE ) shot(1/1)
[04/08 20:25:50.605] [NIDAQ_DAQ] Dev1 : mode(LOCAL) rate(10000) time(10.000000-1.000000 = 9.000000) beam(0)
[04/08 20:25:51.476] [NIDAQ_DAQ] Dev2 : mode(LOCAL) rate(10000) time(9.000000) status(READY IDLE ) shot(1/1)
[04/08 20:25:51.476] [NIDAQ_DAQ] Dev2 : mode(LOCAL) rate(10000) time(10.000000-1.000000 = 9.000000) beam(0)
[04/08 20:25:51.607] [NIDAQ_DAQ] Dev1 : mode(LOCAL) rate(10000) time(9.000000) status(READY IDLE ) shot(1/1)
[04/08 20:25:51.607] [NIDAQ_DAQ] Dev1 : mode(LOCAL) rate(10000) time(10.000000-1.000000 = 9.000000) beam(0)
[04/08 20:25:52.479] [NIDAQ_DAQ] Dev2 : mode(LOCAL) rate(10000) time(9.000000) status(READY IDLE ) shot(1/1)
[04/08 20:25:52.479] [NIDAQ_DAQ] Dev2 : mode(LOCAL) rate(10000) time(10.000000-1.000000 = 9.000000) beam(0)
[04/08 20:25:52.609] [NIDAQ_DAQ] Dev1 : mode(LOCAL) rate(10000) time(9.000000) status(READY IDLE ) shot(1/1)
[04/08 20:25:52.609] [NIDAQ_DAQ] Dev1 : mode(LOCAL) rate(10000) time(10.000000-1.000000 = 9.000000) beam(0)
[04/08 20:25:53.481] [NIDAQ_DAQ] Dev2 : mode(LOCAL) rate(10000) time(9.000000) status(READY IDLE ) shot(1/1)
[04/08 20:25:53.481] [NIDAQ_DAQ] Dev2 : mode(LOCAL) rate(10000) time(10.000000-1.000000 = 9.000000) beam(0)
[04/08 20:25:53.611] [NIDAQ_DAQ] Dev1 : mode(LOCAL) rate(10000) time(9.000000) status(READY IDLE ) shot(1/1)
[04/08 20:25:53.611] [NIDAQ_DAQ] Dev1 : mode(LOCAL) rate(10000) time(10.000000-1.000000 = 9.000000) beam(0)
[04/08 20:25:53.616] [SYS_ARMING] Dev1 : 1 
[04/08 20:25:53.616] [armingDevice] Dev1 : mode(1)
[04/08 20:25:53.616] [armingDevice] T0/T1 : Dev(Dev1) Master(1/10) Dev(1/10) fetch(1/10)
[04/08 20:25:53.617] [make_local_file] Dev1 ...
[04/08 20:25:53.617] [make_local_file] fname(/data/rawdata/B0_CH00)
[04/08 20:25:53.617] [make_local_file] fname(/data/rawdata/B0_CH00) sucessed
[04/08 20:25:53.617] [make_local_file] fname(/data/rawdata/B0_CH01)
[04/08 20:25:53.617] [make_local_file] fname(/data/rawdata/B0_CH01) sucessed
[04/08 20:25:53.617] [make_local_file] fname(/data/rawdata/B0_CH02)
[04/08 20:25:53.617] [make_local_file] fname(/data/rawdata/B0_CH02) sucessed
[04/08 20:25:53.617] [make_local_file] fname(/data/rawdata/B0_CH03)
[04/08 20:25:53.617] [make_local_file] fname(/data/rawdata/B0_CH03) sucessed
[04/08 20:25:53.617] [make_local_file] fname(/data/rawdata/B0_CH04)
[04/08 20:25:53.617] [make_local_file] fname(/data/rawdata/B0_CH04) sucessed
[04/08 20:25:53.617] [make_local_file] fname(/data/rawdata/B0_CH05)
[04/08 20:25:53.617] [make_local_file] fname(/data/rawdata/B0_CH05) sucessed
[04/08 20:25:53.617] [make_local_file] fname(/data/rawdata/B0_CH06)
[04/08 20:25:53.617] [make_local_file] fname(/data/rawdata/B0_CH06) sucessed
[04/08 20:25:53.617] [make_local_file] fname(/data/rawdata/B0_CH07)
[04/08 20:25:53.617] [make_local_file] fname(/data/rawdata/B0_CH07) sucessed
[04/08 20:25:53.617] [make_local_file] fname(/data/rawdata/B0_CH08)
[04/08 20:25:53.617] [make_local_file] fname(/data/rawdata/B0_CH08) sucessed
[04/08 20:25:53.617] [make_local_file] fname(/data/rawdata/B0_CH09)
[04/08 20:25:53.618] [make_local_file] fname(/data/rawdata/B0_CH09) sucessed
[04/08 20:25:53.618] [make_local_file] fname(/data/rawdata/B0_CH10)
[04/08 20:25:53.618] [make_local_file] fname(/data/rawdata/B0_CH10) sucessed
[04/08 20:25:53.618] [make_local_file] fname(/data/rawdata/B0_CH11)
[04/08 20:25:53.618] [make_local_file] fname(/data/rawdata/B0_CH11) sucessed
[04/08 20:25:53.618] [make_local_file] fname(/data/rawdata/B0_CH12)
[04/08 20:25:53.618] [make_local_file] fname(/data/rawdata/B0_CH12) sucessed
[04/08 20:25:53.618] [make_local_file] fname(/data/rawdata/B0_CH13)
[04/08 20:25:53.618] [make_local_file] fname(/data/rawdata/B0_CH13) sucessed
[04/08 20:25:53.618] [make_local_file] fname(/data/rawdata/B0_CH14)
[04/08 20:25:53.618] [make_local_file] fname(/data/rawdata/B0_CH14) sucessed
[04/08 20:25:53.618] [make_local_file] fname(/data/rawdata/B0_CH15)
[04/08 20:25:53.618] [make_local_file] fname(/data/rawdata/B0_CH15) sucessed
[04/08 20:25:53.618] [SYS_ARMING] Dev2 : 1 
[04/08 20:25:53.618] [armingDevice] Dev2 : mode(1)
[04/08 20:25:53.618] [armingDevice] T0/T1 : Dev(Dev2) Master(1/10) Dev(1/10) fetch(1/10)
[04/08 20:25:53.618] [make_local_file] Dev2 ...
[04/08 20:25:53.618] [make_local_file] fname(/data/rawdata/B1_CH00)
[04/08 20:25:53.618] [make_local_file] fname(/data/rawdata/B1_CH00) sucessed
[04/08 20:25:53.618] [make_local_file] fname(/data/rawdata/B1_CH01)
[04/08 20:25:53.618] [make_local_file] fname(/data/rawdata/B1_CH01) sucessed
[04/08 20:25:53.618] [make_local_file] fname(/data/rawdata/B1_CH02)
[04/08 20:25:53.618] [make_local_file] fname(/data/rawdata/B1_CH02) sucessed
[04/08 20:25:53.619] [make_local_file] fname(/data/rawdata/B1_CH03)
[04/08 20:25:53.619] [make_local_file] fname(/data/rawdata/B1_CH03) sucessed
[04/08 20:25:53.619] [make_local_file] fname(/data/rawdata/B1_CH04)
[04/08 20:25:53.619] [make_local_file] fname(/data/rawdata/B1_CH04) sucessed
[04/08 20:25:53.619] [make_local_file] fname(/data/rawdata/B1_CH05)
[04/08 20:25:53.619] [make_local_file] fname(/data/rawdata/B1_CH05) sucessed
[04/08 20:25:53.619] [make_local_file] fname(/data/rawdata/B1_CH06)
[04/08 20:25:53.619] [make_local_file] fname(/data/rawdata/B1_CH06) sucessed
[04/08 20:25:54.484] [NIDAQ_DAQ] Dev2 : mode(LOCAL) rate(10000) time(9.000000) status(READY ARM ) shot(1/1)
[04/08 20:25:54.484] [NIDAQ_DAQ] Dev2 : mode(LOCAL) rate(10000) time(10.000000-1.000000 = 9.000000) beam(0)
[04/08 20:25:54.613] [NIDAQ_DAQ] Dev1 : mode(LOCAL) rate(10000) time(9.000000) status(READY ARM ) shot(1/1)
[04/08 20:25:54.613] [NIDAQ_DAQ] Dev1 : mode(LOCAL) rate(10000) time(10.000000-1.000000 = 9.000000) beam(0)
[04/08 20:25:55.486] [NIDAQ_DAQ] Dev2 : mode(LOCAL) rate(10000) time(9.000000) status(READY ARM ) shot(1/1)
[04/08 20:25:55.486] [NIDAQ_DAQ] Dev2 : mode(LOCAL) rate(10000) time(10.000000-1.000000 = 9.000000) beam(0)
[04/08 20:25:55.615] [NIDAQ_DAQ] Dev1 : mode(LOCAL) rate(10000) time(9.000000) status(READY ARM ) shot(1/1)
[04/08 20:25:55.615] [NIDAQ_DAQ] Dev1 : mode(LOCAL) rate(10000) time(10.000000-1.000000 = 9.000000) beam(0)
[04/08 20:25:56.489] [NIDAQ_DAQ] Dev2 : mode(LOCAL) rate(10000) time(9.000000) status(READY ARM ) shot(1/1)
[04/08 20:25:56.489] [NIDAQ_DAQ] Dev2 : mode(LOCAL) rate(10000) time(10.000000-1.000000 = 9.000000) beam(0)
[04/08 20:25:56.617] [NIDAQ_DAQ] Dev1 : mode(LOCAL) rate(10000) time(9.000000) status(READY ARM ) shot(1/1)
[04/08 20:25:56.617] [NIDAQ_DAQ] Dev1 : mode(LOCAL) rate(10000) time(10.000000-1.000000 = 9.000000) beam(0)
[04/08 20:25:57.490] [NIDAQ_DAQ] Dev2 : mode(LOCAL) rate(10000) time(9.000000) status(READY ARM ) shot(1/1)
[04/08 20:25:57.490] [NIDAQ_DAQ] Dev2 : mode(LOCAL) rate(10000) time(10.000000-1.000000 = 9.000000) beam(0)
[04/08 20:25:57.619] [NIDAQ_DAQ] Dev1 : mode(LOCAL) rate(10000) time(9.000000) status(READY ARM ) shot(1/1)
[04/08 20:25:57.619] [NIDAQ_DAQ] Dev1 : mode(LOCAL) rate(10000) time(10.000000-1.000000 = 9.000000) beam(0)
[04/08 20:25:58.493] [NIDAQ_DAQ] Dev2 : mode(LOCAL) rate(10000) time(9.000000) status(READY ARM ) shot(1/1)
[04/08 20:25:58.493] [NIDAQ_DAQ] Dev2 : mode(LOCAL) rate(10000) time(10.000000-1.000000 = 9.000000) beam(0)
[04/08 20:25:58.621] [NIDAQ_DAQ] Dev1 : mode(LOCAL) rate(10000) time(9.000000) status(READY ARM ) shot(1/1)
[04/08 20:25:58.621] [NIDAQ_DAQ] Dev1 : mode(LOCAL) rate(10000) time(10.000000-1.000000 = 9.000000) beam(0)
[04/08 20:25:59.496] [NIDAQ_DAQ] Dev2 : mode(LOCAL) rate(10000) time(9.000000) status(READY ARM ) shot(1/1)
[04/08 20:25:59.496] [NIDAQ_DAQ] Dev2 : mode(LOCAL) rate(10000) time(10.000000-1.000000 = 9.000000) beam(0)
[04/08 20:25:59.623] [NIDAQ_DAQ] Dev1 : mode(LOCAL) rate(10000) time(9.000000) status(READY ARM ) shot(1/1)
[04/08 20:25:59.623] [NIDAQ_DAQ] Dev1 : mode(LOCAL) rate(10000) time(10.000000-1.000000 = 9.000000) beam(0)
[04/08 20:26:00.498] [NIDAQ_DAQ] Dev2 : mode(LOCAL) rate(10000) time(9.000000) status(READY ARM ) shot(1/1)
[04/08 20:26:00.498] [NIDAQ_DAQ] Dev2 : mode(LOCAL) rate(10000) time(10.000000-1.000000 = 9.000000) beam(0)
[04/08 20:26:00.625] [NIDAQ_DAQ] Dev1 : mode(LOCAL) rate(10000) time(9.000000) status(READY ARM ) shot(1/1)
[04/08 20:26:00.626] [NIDAQ_DAQ] Dev1 : mode(LOCAL) rate(10000) time(10.000000-1.000000 = 9.000000) beam(0)
[04/08 20:26:01.500] [NIDAQ_DAQ] Dev2 : mode(LOCAL) rate(10000) time(9.000000) status(READY ARM ) shot(1/1)
[04/08 20:26:01.500] [NIDAQ_DAQ] Dev2 : mode(LOCAL) rate(10000) time(10.000000-1.000000 = 9.000000) beam(0)
[04/08 20:26:01.627] [NIDAQ_DAQ] Dev1 : mode(LOCAL) rate(10000) time(9.000000) status(READY ARM ) shot(1/1)
[04/08 20:26:01.628] [NIDAQ_DAQ] Dev1 : mode(LOCAL) rate(10000) time(10.000000-1.000000 = 9.000000) beam(0)
[04/08 20:26:02.176] [SYS_RUN] Dev1 : 1
[04/08 20:26:02.176] [SYS_RUN] Dev2 : 1
[04/08 20:26:02.503] [NIDAQ_DAQ] Dev2 : mode(LOCAL) rate(10000) time(9.000000) status(READY WTRG ) shot(1/1)
[04/08 20:26:02.503] [NIDAQ_DAQ] Dev2 : status(READY WTRG ) != master(READY WTRG )
[04/08 20:26:02.503] [NIDAQ_DAQ] Dev2 : mode(LOCAL) rate(10000) time(10.000000-1.000000 = 9.000000) beam(0)
[04/08 20:26:02.503] [NIDAQ_DAQ] Dev2 : term_config(10106) minVal(-10) maxVal(10) units(10348)
[04/08 20:26:02.503] [NIDAQ_DAQ] AI DATA in DAQmxBaseCreateAIVoltageChan : ch(0), physical_channel(Dev2/ai0) minVal(-10) maxVal(10.000000)
[04/08 20:26:02.504] [NIDAQ_DAQ] DAQmxBaseCreateAIVoltageChan : Dev2/ai0
[04/08 20:26:02.504] [NIDAQ_DAQ] AI DATA in DAQmxBaseCreateAIVoltageChan : ch(1), physical_channel(Dev2/ai1) minVal(-10) maxVal(10.000000)
[04/08 20:26:02.504] [NIDAQ_DAQ] DAQmxBaseCreateAIVoltageChan : Dev2/ai1
[04/08 20:26:02.504] [NIDAQ_DAQ] AI DATA in DAQmxBaseCreateAIVoltageChan : ch(2), physical_channel(Dev2/ai2) minVal(-10) maxVal(10.000000)
[04/08 20:26:02.505] [NIDAQ_DAQ] DAQmxBaseCreateAIVoltageChan : Dev2/ai2
[04/08 20:26:02.505] [NIDAQ_DAQ] AI DATA in DAQmxBaseCreateAIVoltageChan : ch(3), physical_channel(Dev2/ai3) minVal(-10) maxVal(10.000000)
[04/08 20:26:02.505] [NIDAQ_DAQ] DAQmxBaseCreateAIVoltageChan : Dev2/ai3
[04/08 20:26:02.505] [NIDAQ_DAQ] AI DATA in DAQmxBaseCreateAIVoltageChan : ch(4), physical_channel(Dev2/ai4) minVal(-10) maxVal(10.000000)
[04/08 20:26:02.505] [NIDAQ_DAQ] DAQmxBaseCreateAIVoltageChan : Dev2/ai4
[04/08 20:26:02.505] [NIDAQ_DAQ] AI DATA in DAQmxBaseCreateAIVoltageChan : ch(5), physical_channel(Dev2/ai5) minVal(-10) maxVal(10.000000)
[04/08 20:26:02.505] [NIDAQ_DAQ] DAQmxBaseCreateAIVoltageChan : Dev2/ai5
[04/08 20:26:02.505] [NIDAQ_DAQ] AI DATA in DAQmxBaseCreateAIVoltageChan : ch(6), physical_channel(Dev2/ai6) minVal(-10) maxVal(10.000000)
[04/08 20:26:02.506] [NIDAQ_DAQ] DAQmxBaseCreateAIVoltageChan : Dev2/ai6
[04/08 20:26:02.506] [NIDAQ_DAQ] Dev2 : DAQ Start without trigger
[04/08 20:26:02.506] [NIDAQ_DAQ] Dev2 : mode(LOCAL) smp_mode(10123) sample_rate(10000.000000) smp_time(9.000000) samples(10000) tot(70000)
[04/08 20:26:02.506] [NIDAQ_DAQ] Dev2 : DAQ Start without trigger
[04/08 20:26:02.511] [threadFunc_NIDAQ_DAQ] before epicsEventWait(pSTDdev->ST_DAQThread.threadEventId) 
[04/08 20:26:02.630] [NIDAQ_DAQ] Dev1 : mode(LOCAL) rate(10000) time(9.000000) status(READY WTRG ) shot(1/1)
[04/08 20:26:02.630] [NIDAQ_DAQ] Dev1 : status(READY WTRG ) != master(READY WTRG )
[04/08 20:26:02.630] [NIDAQ_DAQ] Dev1 : mode(LOCAL) rate(10000) time(10.000000-1.000000 = 9.000000) beam(0)
[04/08 20:26:02.630] [NIDAQ_DAQ] Dev1 : term_config(10106) minVal(-10) maxVal(10) units(10348)
[04/08 20:26:02.630] [NIDAQ_DAQ] AI DATA in DAQmxBaseCreateAIVoltageChan : ch(0), physical_channel(Dev1/ai0) minVal(-10) maxVal(10.000000)
[04/08 20:26:02.631] [NIDAQ_DAQ] DAQmxBaseCreateAIVoltageChan : Dev1/ai0
[04/08 20:26:02.631] [NIDAQ_DAQ] AI DATA in DAQmxBaseCreateAIVoltageChan : ch(1), physical_channel(Dev1/ai1) minVal(-10) maxVal(10.000000)
[04/08 20:26:02.631] [NIDAQ_DAQ] DAQmxBaseCreateAIVoltageChan : Dev1/ai1
[04/08 20:26:02.631] [NIDAQ_DAQ] AI DATA in DAQmxBaseCreateAIVoltageChan : ch(2), physical_channel(Dev1/ai2) minVal(-10) maxVal(10.000000)
[04/08 20:26:02.632] [NIDAQ_DAQ] DAQmxBaseCreateAIVoltageChan : Dev1/ai2
[04/08 20:26:02.632] [NIDAQ_DAQ] AI DATA in DAQmxBaseCreateAIVoltageChan : ch(3), physical_channel(Dev1/ai3) minVal(-10) maxVal(10.000000)
[04/08 20:26:02.632] [NIDAQ_DAQ] DAQmxBaseCreateAIVoltageChan : Dev1/ai3
[04/08 20:26:02.632] [NIDAQ_DAQ] AI DATA in DAQmxBaseCreateAIVoltageChan : ch(4), physical_channel(Dev1/ai4) minVal(-10) maxVal(10.000000)
[04/08 20:26:02.632] [NIDAQ_DAQ] DAQmxBaseCreateAIVoltageChan : Dev1/ai4
[04/08 20:26:02.632] [NIDAQ_DAQ] AI DATA in DAQmxBaseCreateAIVoltageChan : ch(5), physical_channel(Dev1/ai5) minVal(-10) maxVal(10.000000)
[04/08 20:26:02.632] [NIDAQ_DAQ] DAQmxBaseCreateAIVoltageChan : Dev1/ai5
[04/08 20:26:02.633] [NIDAQ_DAQ] AI DATA in DAQmxBaseCreateAIVoltageChan : ch(6), physical_channel(Dev1/ai6) minVal(-10) maxVal(10.000000)
[04/08 20:26:02.633] [NIDAQ_DAQ] DAQmxBaseCreateAIVoltageChan : Dev1/ai6
[04/08 20:26:02.633] [NIDAQ_DAQ] AI DATA in DAQmxBaseCreateAIVoltageChan : ch(7), physical_channel(Dev1/ai7) minVal(-10) maxVal(10.000000)
[04/08 20:26:02.633] [NIDAQ_DAQ] DAQmxBaseCreateAIVoltageChan : Dev1/ai7
[04/08 20:26:02.633] [NIDAQ_DAQ] AI DATA in DAQmxBaseCreateAIVoltageChan : ch(8), physical_channel(Dev1/ai16) minVal(-10) maxVal(10.000000)
[04/08 20:26:02.633] [NIDAQ_DAQ] DAQmxBaseCreateAIVoltageChan : Dev1/ai16
[04/08 20:26:02.634] [NIDAQ_DAQ] AI DATA in DAQmxBaseCreateAIVoltageChan : ch(9), physical_channel(Dev1/ai17) minVal(-10) maxVal(10.000000)
[04/08 20:26:02.634] [NIDAQ_DAQ] DAQmxBaseCreateAIVoltageChan : Dev1/ai17
[04/08 20:26:02.634] [NIDAQ_DAQ] AI DATA in DAQmxBaseCreateAIVoltageChan : ch(10), physical_channel(Dev1/ai18) minVal(-10) maxVal(10.000000)
[04/08 20:26:02.634] [NIDAQ_DAQ] DAQmxBaseCreateAIVoltageChan : Dev1/ai18
[04/08 20:26:02.634] [NIDAQ_DAQ] AI DATA in DAQmxBaseCreateAIVoltageChan : ch(11), physical_channel(Dev1/ai19) minVal(-10) maxVal(10.000000)
[04/08 20:26:02.634] [NIDAQ_DAQ] DAQmxBaseCreateAIVoltageChan : Dev1/ai19
[04/08 20:26:02.634] [NIDAQ_DAQ] AI DATA in DAQmxBaseCreateAIVoltageChan : ch(12), physical_channel(Dev1/ai20) minVal(-10) maxVal(10.000000)
[04/08 20:26:02.635] [NIDAQ_DAQ] DAQmxBaseCreateAIVoltageChan : Dev1/ai20
[04/08 20:26:02.635] [NIDAQ_DAQ] AI DATA in DAQmxBaseCreateAIVoltageChan : ch(13), physical_channel(Dev1/ai21) minVal(-10) maxVal(10.000000)
[04/08 20:26:02.635] [NIDAQ_DAQ] DAQmxBaseCreateAIVoltageChan : Dev1/ai21
[04/08 20:26:02.635] [NIDAQ_DAQ] AI DATA in DAQmxBaseCreateAIVoltageChan : ch(14), physical_channel(Dev1/ai22) minVal(-10) maxVal(10.000000)
[04/08 20:26:02.635] [NIDAQ_DAQ] DAQmxBaseCreateAIVoltageChan : Dev1/ai22
[04/08 20:26:02.635] [NIDAQ_DAQ] AI DATA in DAQmxBaseCreateAIVoltageChan : ch(15), physical_channel(Dev1/ai23) minVal(-10) maxVal(10.000000)
[04/08 20:26:02.636] [NIDAQ_DAQ] DAQmxBaseCreateAIVoltageChan : Dev1/ai23
[04/08 20:26:02.636] [NIDAQ_DAQ] Dev1 : DAQ Start without trigger
[04/08 20:26:02.636] [NIDAQ_DAQ] Dev1 : mode(LOCAL) smp_mode(10123) sample_rate(10000.000000) smp_time(9.000000) samples(10000) tot(160000)
[04/08 20:26:02.636] [NIDAQ_DAQ] Dev1 : DAQ Start without trigger
[04/08 20:26:02.642] [threadFunc_NIDAQ_DAQ] before epicsEventWait(pSTDdev->ST_DAQThread.threadEventId) 
[04/08 20:26:02.722] [EveryNCallback] Dev1 :  rate(10000) status(READY WTRG ) total(0) mode(1) shot(1/1)
[04/08 20:26:02.722] [EveryNCallback] Dev1 : status(0x89:READY RUN )
[04/08 20:26:02.722] [ EveryNCallback- read DAQmxBaseReadAnalogF64 1] : measured function process time sec. is 0.000000 msec
[04/08 20:26:03.488] [EveryNCallback] Dev2 :  rate(10000) status(READY WTRG ) total(0) mode(1) shot(1/1)
[04/08 20:26:03.488] [EveryNCallback] Dev2 : status(0x89:READY RUN )
[04/08 20:26:03.488] [ EveryNCallback- read DAQmxBaseReadAnalogF64 1] : measured function process time sec. is 0.001000 msec
[04/08 20:26:03.657] [ EveryNCallback- read DAQmxBaseReadAnalogF64 2] : measured function process time sec. is 0.000000 msec
[04/08 20:26:03.663] [ EveryNCallback- read DAQmxBaseReadAnalogF64 2] : measured function process time sec. is 0.001000 msec
[04/08 20:26:03.664] [ EveryNCallback- read DAQmxBaseReadAnalogF64 3] : measured function process time sec. is 0.001000 msec
[04/08 20:26:03.665] [ EveryNCallback ] : measured function process time sec. is 177.149000 msec
[04/08 20:26:03.672] [ EveryNCallback- read DAQmxBaseReadAnalogF64 3] : measured function process time sec. is 0.000000 msec
[04/08 20:26:03.673] [ EveryNCallback ] : measured function process time sec. is 951.530000 msec
[04/08 20:26:04.667] [EveryNCallback] Dev2 :  rate(10000) status(READY RUN ) total(10000) mode(1) shot(1/1)
[04/08 20:26:04.667] [ EveryNCallback- read DAQmxBaseReadAnalogF64 1] : measured function process time sec. is 0.001000 msec
[04/08 20:26:04.672] [ EveryNCallback- read DAQmxBaseReadAnalogF64 2] : measured function process time sec. is 0.001000 msec
[04/08 20:26:04.672] [ EveryNCallback- read DAQmxBaseReadAnalogF64 3] : measured function process time sec. is 0.001000 msec
[04/08 20:26:04.673] [ EveryNCallback ] : measured function process time sec. is 5.868000 msec
[04/08 20:26:04.675] [EveryNCallback] Dev1 :  rate(10000) status(READY RUN ) total(10000) mode(1) shot(1/1)
[04/08 20:26:04.675] [ EveryNCallback- read DAQmxBaseReadAnalogF64 1] : measured function process time sec. is 0.000000 msec
[04/08 20:26:04.689] [ EveryNCallback- read DAQmxBaseReadAnalogF64 2] : measured function process time sec. is 0.000000 msec
[04/08 20:26:04.704] [ EveryNCallback- read DAQmxBaseReadAnalogF64 3] : measured function process time sec. is 0.000000 msec
[04/08 20:26:04.705] [ EveryNCallback ] : measured function process time sec. is 30.449000 msec
[04/08 20:26:05.675] [EveryNCallback] Dev2 :  rate(10000) status(READY RUN ) total(20000) mode(1) shot(1/1)
[04/08 20:26:05.675] [ EveryNCallback- read DAQmxBaseReadAnalogF64 1] : measured function process time sec. is 0.001000 msec
[04/08 20:26:05.682] [ EveryNCallback- read DAQmxBaseReadAnalogF64 2] : measured function process time sec. is 0.001000 msec
[04/08 20:26:05.683] [ EveryNCallback- read DAQmxBaseReadAnalogF64 3] : measured function process time sec. is 0.001000 msec
[04/08 20:26:05.684] [ EveryNCallback ] : measured function process time sec. is 8.533000 msec
[04/08 20:26:05.707] [EveryNCallback] Dev1 :  rate(10000) status(READY RUN ) total(20000) mode(1) shot(1/1)
[04/08 20:26:05.707] [ EveryNCallback- read DAQmxBaseReadAnalogF64 1] : measured function process time sec. is 0.001000 msec
[04/08 20:26:05.722] [ EveryNCallback- read DAQmxBaseReadAnalogF64 2] : measured function process time sec. is 0.001000 msec
[04/08 20:26:05.737] [ EveryNCallback- read DAQmxBaseReadAnalogF64 3] : measured function process time sec. is 0.001000 msec
[04/08 20:26:05.738] [ EveryNCallback ] : measured function process time sec. is 30.713000 msec
[04/08 20:26:06.686] [EveryNCallback] Dev2 :  rate(10000) status(READY RUN ) total(30000) mode(1) shot(1/1)
[04/08 20:26:06.686] [ EveryNCallback- read DAQmxBaseReadAnalogF64 1] : measured function process time sec. is 0.001000 msec
[04/08 20:26:06.694] [ EveryNCallback- read DAQmxBaseReadAnalogF64 2] : measured function process time sec. is 0.001000 msec
[04/08 20:26:06.694] [ EveryNCallback- read DAQmxBaseReadAnalogF64 3] : measured function process time sec. is 0.001000 msec
[04/08 20:26:06.695] [ EveryNCallback ] : measured function process time sec. is 8.503000 msec
[04/08 20:26:06.740] [EveryNCallback] Dev1 :  rate(10000) status(READY RUN ) total(30000) mode(1) shot(1/1)
[04/08 20:26:06.740] [ EveryNCallback- read DAQmxBaseReadAnalogF64 1] : measured function process time sec. is 0.000000 msec
[04/08 20:26:06.755] [ EveryNCallback- read DAQmxBaseReadAnalogF64 2] : measured function process time sec. is 0.000000 msec
[04/08 20:26:06.770] [ EveryNCallback- read DAQmxBaseReadAnalogF64 3] : measured function process time sec. is 0.000000 msec
[04/08 20:26:06.771] [ EveryNCallback ] : measured function process time sec. is 30.612000 msec
[04/08 20:26:07.697] [EveryNCallback] Dev2 :  rate(10000) status(READY RUN ) total(40000) mode(1) shot(1/1)
[04/08 20:26:07.697] [ EveryNCallback- read DAQmxBaseReadAnalogF64 1] : measured function process time sec. is 0.000000 msec
[04/08 20:26:07.705] [ EveryNCallback- read DAQmxBaseReadAnalogF64 2] : measured function process time sec. is 0.000000 msec
[04/08 20:26:07.705] [ EveryNCallback- read DAQmxBaseReadAnalogF64 3] : measured function process time sec. is 0.000000 msec
[04/08 20:26:07.706] [ EveryNCallback ] : measured function process time sec. is 8.537000 msec
[04/08 20:26:07.773] [EveryNCallback] Dev1 :  rate(10000) status(READY RUN ) total(40000) mode(1) shot(1/1)
[04/08 20:26:07.773] [ EveryNCallback- read DAQmxBaseReadAnalogF64 1] : measured function process time sec. is 0.000000 msec
[04/08 20:26:07.787] [ EveryNCallback- read DAQmxBaseReadAnalogF64 2] : measured function process time sec. is 0.000000 msec
[04/08 20:26:07.796] [ EveryNCallback- read DAQmxBaseReadAnalogF64 3] : measured function process time sec. is 0.000000 msec
[04/08 20:26:07.797] [ EveryNCallback ] : measured function process time sec. is 23.831000 msec
[04/08 20:26:08.708] [EveryNCallback] Dev2 :  rate(10000) status(READY RUN ) total(50000) mode(1) shot(1/1)
[04/08 20:26:08.708] [ EveryNCallback- read DAQmxBaseReadAnalogF64 1] : measured function process time sec. is 0.000000 msec
[04/08 20:26:08.715] [ EveryNCallback- read DAQmxBaseReadAnalogF64 2] : measured function process time sec. is 0.000000 msec
[04/08 20:26:08.716] [ EveryNCallback- read DAQmxBaseReadAnalogF64 3] : measured function process time sec. is 0.000000 msec
[04/08 20:26:08.716] [ EveryNCallback ] : measured function process time sec. is 8.483000 msec
[04/08 20:26:08.799] [EveryNCallback] Dev1 :  rate(10000) status(READY RUN ) total(50000) mode(1) shot(1/1)
[04/08 20:26:08.799] [ EveryNCallback- read DAQmxBaseReadAnalogF64 1] : measured function process time sec. is 0.001000 msec
[04/08 20:26:08.814] [ EveryNCallback- read DAQmxBaseReadAnalogF64 2] : measured function process time sec. is 0.001000 msec
[04/08 20:26:08.815] [ EveryNCallback- read DAQmxBaseReadAnalogF64 3] : measured function process time sec. is 0.001000 msec
[04/08 20:26:08.816] [ EveryNCallback ] : measured function process time sec. is 16.932000 msec
[04/08 20:26:09.718] [EveryNCallback] Dev2 :  rate(10000) status(READY RUN ) total(60000) mode(1) shot(1/1)
[04/08 20:26:09.718] [ EveryNCallback- read DAQmxBaseReadAnalogF64 1] : measured function process time sec. is 0.000000 msec
[04/08 20:26:09.725] [ EveryNCallback- read DAQmxBaseReadAnalogF64 2] : measured function process time sec. is 0.000000 msec
[04/08 20:26:09.726] [ EveryNCallback- read DAQmxBaseReadAnalogF64 3] : measured function process time sec. is 0.000000 msec
[04/08 20:26:09.726] [ EveryNCallback ] : measured function process time sec. is 8.551000 msec
[04/08 20:26:09.818] [EveryNCallback] Dev1 :  rate(10000) status(READY RUN ) total(60000) mode(1) shot(1/1)
[04/08 20:26:09.818] [ EveryNCallback- read DAQmxBaseReadAnalogF64 1] : measured function process time sec. is 0.000000 msec
[04/08 20:26:09.832] [ EveryNCallback- read DAQmxBaseReadAnalogF64 2] : measured function process time sec. is 0.000000 msec
[04/08 20:26:09.834] [ EveryNCallback- read DAQmxBaseReadAnalogF64 3] : measured function process time sec. is 0.000000 msec
[04/08 20:26:09.835] [ EveryNCallback ] : measured function process time sec. is 16.792000 msec
[04/08 20:26:10.728] [EveryNCallback] Dev2 :  rate(10000) status(READY RUN ) total(70000) mode(1) shot(1/1)
[04/08 20:26:10.728] [ EveryNCallback- read DAQmxBaseReadAnalogF64 1] : measured function process time sec. is 0.000000 msec
[04/08 20:26:10.735] [ EveryNCallback- read DAQmxBaseReadAnalogF64 2] : measured function process time sec. is 0.000000 msec
[04/08 20:26:10.736] [ EveryNCallback- read DAQmxBaseReadAnalogF64 3] : measured function process time sec. is 0.000000 msec
[04/08 20:26:10.736] [ EveryNCallback ] : measured function process time sec. is 8.518000 msec
[04/08 20:26:10.837] [EveryNCallback] Dev1 :  rate(10000) status(READY RUN ) total(70000) mode(1) shot(1/1)
[04/08 20:26:10.837] [ EveryNCallback- read DAQmxBaseReadAnalogF64 1] : measured function process time sec. is 0.000000 msec
[04/08 20:26:10.851] [ EveryNCallback- read DAQmxBaseReadAnalogF64 2] : measured function process time sec. is 0.000000 msec
[04/08 20:26:10.853] [ EveryNCallback- read DAQmxBaseReadAnalogF64 3] : measured function process time sec. is 0.000000 msec
[04/08 20:26:10.854] [ EveryNCallback ] : measured function process time sec. is 16.901000 msec
[04/08 20:26:11.738] [EveryNCallback] Dev2 :  rate(10000) status(READY RUN ) total(80000) mode(1) shot(1/1)
[04/08 20:26:11.738] [ EveryNCallback- read DAQmxBaseReadAnalogF64 1] : measured function process time sec. is 0.001000 msec
[04/08 20:26:11.745] [ EveryNCallback- read DAQmxBaseReadAnalogF64 2] : measured function process time sec. is 0.001000 msec
[04/08 20:26:11.746] [ EveryNCallback- read DAQmxBaseReadAnalogF64 3] : measured function process time sec. is 0.001000 msec
[04/08 20:26:11.746] [ EveryNCallback ] : measured function process time sec. is 8.461000 msec
[04/08 20:26:11.746] [EveryNCallback] Dev2 : stop ....
[04/08 20:26:11.746] [stopDevice] Dev2 : total(90000)
[04/08 20:26:11.748] [threadFunc_NIDAQ_DAQ] before DAQmxBaseClearTask for Dev2
[04/08 20:26:11.749] [threadFunc_NIDAQ_DAQ] after  DAQmxBaseClearTask for Dev2
[04/08 20:26:11.857] [EveryNCallback] Dev1 :  rate(10000) status(READY RUN ) total(80000) mode(1) shot(1/1)
[04/08 20:26:11.857] [ EveryNCallback- read DAQmxBaseReadAnalogF64 1] : measured function process time sec. is 0.000000 msec
[04/08 20:26:11.871] [ EveryNCallback- read DAQmxBaseReadAnalogF64 2] : measured function process time sec. is 0.000000 msec
[04/08 20:26:11.872] [ EveryNCallback- read DAQmxBaseReadAnalogF64 3] : measured function process time sec. is 0.000000 msec
[04/08 20:26:11.873] [ EveryNCallback ] : measured function process time sec. is 16.395000 msec
[04/08 20:26:11.873] [EveryNCallback] Dev1 : stop ....
[04/08 20:26:11.873] [stopDevice] Dev1 : total(90000)
[04/08 20:26:11.877] [threadFunc_NIDAQ_DAQ] before DAQmxBaseClearTask for Dev1
[04/08 20:26:11.878] [threadFunc_NIDAQ_DAQ] after  DAQmxBaseClearTask for Dev1
[04/08 20:26:12.250] [stopDevice] Dev2 : signal(0x84d2618)
[04/08 20:26:12.250] [threadFunc_NIDAQ_DAQ] after  epicsEventWait(pSTDdev->ST_DAQThread.threadEventId) 
[04/08 20:26:12.380] [stopDevice] Dev1 : signal(0x84d2030)
[04/08 20:26:12.380] [threadFunc_NIDAQ_DAQ] after  epicsEventWait(pSTDdev->ST_DAQThread.threadEventId) 
[04/08 20:26:13.252] [NIDAQ_DAQ] Dev2 : mode(LOCAL) rate(10000) time(9.000000) status(READY PST ) shot(1/1)
[04/08 20:26:13.252] [NIDAQ_DAQ] Dev2 : status(READY PST ) != master(READY PST )
[04/08 20:26:13.252] [NIDAQ_DAQ] Dev2 : mode(LOCAL) rate(10000) time(10.000000-1.000000 = 9.000000) beam(0)
[04/08 20:26:13.252] [flush_local_file] Dev2 . channel 7..
[04/08 20:26:13.382] [NIDAQ_DAQ] Dev1 : mode(LOCAL) rate(10000) time(9.000000) status(READY PST ) shot(1/1)
[04/08 20:26:13.382] [NIDAQ_DAQ] Dev1 : status(READY PST ) != master(READY PST TRANS )
[04/08 20:26:13.382] [NIDAQ_DAQ] Dev1 : mode(LOCAL) rate(10000) time(10.000000-1.000000 = 9.000000) beam(0)
[04/08 20:26:13.382] [flush_local_file] Dev1 . channel 16..
[04/08 20:26:14.255] [NIDAQ_DAQ] Dev2 : mode(LOCAL) rate(10000) time(9.000000) status(READY TRANS ) shot(1/1)
[04/08 20:26:14.255] [NIDAQ_DAQ] Dev2 : mode(LOCAL) rate(10000) time(10.000000-1.000000 = 9.000000) beam(0)
[04/08 20:26:14.255] [proc_sendData2Tree] T0(1.000000) T1(10.000000) Blip(16.000000) Rate(10000)
[04/08 20:26:14.255] [proc_sendData2Tree] start(1) end(89999) gap(0.000100) samples(90000)
[04/08 20:26:14.255] [proc_sendData2Tree] connect : task(Dev2) mode(LOCAL) mdsip(172.17.101.142:8000)
[04/08 20:26:14.255] [proc_sendData2Tree] LocalMode : tree (operation) 
[04/08 20:26:14.255] [proc_sendData2Tree] open : task(Dev2) tree(operation) shot(1)
[04/08 20:26:14.384] [NIDAQ_DAQ] Dev1 : mode(LOCAL) rate(10000) time(9.000000) status(READY TRANS ) shot(1/1)
[04/08 20:26:14.384] [NIDAQ_DAQ] Dev1 : mode(LOCAL) rate(10000) time(10.000000-1.000000 = 9.000000) beam(0)
[04/08 20:26:14.486] [threadFunc_NIDAQ_DAQ] Dev1 : Waiting for MdsPlus Put Data
[04/08 20:26:15.488] [NIDAQ_DAQ] Dev1 : mode(LOCAL) rate(10000) time(9.000000) status(READY TRANS ) shot(1/1)
[04/08 20:26:15.488] [NIDAQ_DAQ] Dev1 : mode(LOCAL) rate(10000) time(10.000000-1.000000 = 9.000000) beam(0)
[04/08 20:26:15.590] [threadFunc_NIDAQ_DAQ] Dev1 : Waiting for MdsPlus Put Data
[04/08 20:26:16.258] [proc_sendData2Tree] open fail : task(Dev2) mode(LOCAL) mdsip(172.17.101.142:8000) tree(operation) shot(1)
[04/08 20:26:16.592] [NIDAQ_DAQ] Dev1 : mode(LOCAL) rate(10000) time(9.000000) status(READY TRANS ) shot(1/1)
[04/08 20:26:16.592] [NIDAQ_DAQ] Dev1 : mode(LOCAL) rate(10000) time(10.000000-1.000000 = 9.000000) beam(0)
[04/08 20:26:16.694] [threadFunc_NIDAQ_DAQ] Dev1 : Waiting for MdsPlus Put Data
[04/08 20:26:17.260] [threadFunc_NIDAQ_DAQ] Dev2 : retry 1 for proc_sendData2Tree()
[04/08 20:26:17.260] [proc_sendData2Tree] T0(1.000000) T1(10.000000) Blip(16.000000) Rate(10000)
[04/08 20:26:17.260] [proc_sendData2Tree] start(1) end(89999) gap(0.000100) samples(90000)
[04/08 20:26:17.260] [proc_sendData2Tree] connect : task(Dev2) mode(LOCAL) mdsip(172.17.101.142:8000)
[04/08 20:26:17.260] [proc_sendData2Tree] LocalMode : tree (operation) 
[04/08 20:26:17.260] [proc_sendData2Tree] open : task(Dev2) tree(operation) shot(1)
[04/08 20:26:17.696] [NIDAQ_DAQ] Dev1 : mode(LOCAL) rate(10000) time(9.000000) status(READY TRANS ) shot(1/1)
[04/08 20:26:17.696] [NIDAQ_DAQ] Dev1 : mode(LOCAL) rate(10000) time(10.000000-1.000000 = 9.000000) beam(0)
[04/08 20:26:17.798] [threadFunc_NIDAQ_DAQ] Dev1 : Waiting for MdsPlus Put Data
[04/08 20:26:18.800] [NIDAQ_DAQ] Dev1 : mode(LOCAL) rate(10000) time(9.000000) status(READY TRANS ) shot(1/1)
[04/08 20:26:18.800] [NIDAQ_DAQ] Dev1 : mode(LOCAL) rate(10000) time(10.000000-1.000000 = 9.000000) beam(0)
[04/08 20:26:18.902] [threadFunc_NIDAQ_DAQ] Dev1 : Waiting for MdsPlus Put Data
[04/08 20:26:19.262] [proc_sendData2Tree] open fail : task(Dev2) mode(LOCAL) mdsip(172.17.101.142:8000) tree(operation) shot(1)
[04/08 20:26:19.904] [NIDAQ_DAQ] Dev1 : mode(LOCAL) rate(10000) time(9.000000) status(READY TRANS ) shot(1/1)
[04/08 20:26:19.904] [NIDAQ_DAQ] Dev1 : mode(LOCAL) rate(10000) time(10.000000-1.000000 = 9.000000) beam(0)
[04/08 20:26:20.006] [threadFunc_NIDAQ_DAQ] Dev1 : Waiting for MdsPlus Put Data
[04/08 20:26:20.265] [threadFunc_NIDAQ_DAQ] Dev2 : retry 2 for proc_sendData2Tree()
[04/08 20:26:20.265] [proc_sendData2Tree] T0(1.000000) T1(10.000000) Blip(16.000000) Rate(10000)
[04/08 20:26:20.265] [proc_sendData2Tree] start(1) end(89999) gap(0.000100) samples(90000)
[04/08 20:26:20.265] [proc_sendData2Tree] connect : task(Dev2) mode(LOCAL) mdsip(172.17.101.142:8000)
[04/08 20:26:20.265] [proc_sendData2Tree] LocalMode : tree (operation) 
[04/08 20:26:20.265] [proc_sendData2Tree] open : task(Dev2) tree(operation) shot(1)
[04/08 20:26:21.008] [NIDAQ_DAQ] Dev1 : mode(LOCAL) rate(10000) time(9.000000) status(READY TRANS ) shot(1/1)
[04/08 20:26:21.008] [NIDAQ_DAQ] Dev1 : mode(LOCAL) rate(10000) time(10.000000-1.000000 = 9.000000) beam(0)
[04/08 20:26:21.110] [threadFunc_NIDAQ_DAQ] Dev1 : Waiting for MdsPlus Put Data
[04/08 20:26:22.112] [NIDAQ_DAQ] Dev1 : mode(LOCAL) rate(10000) time(9.000000) status(READY TRANS ) shot(1/1)
[04/08 20:26:22.112] [NIDAQ_DAQ] Dev1 : mode(LOCAL) rate(10000) time(10.000000-1.000000 = 9.000000) beam(0)
[04/08 20:26:22.214] [threadFunc_NIDAQ_DAQ] Dev1 : Waiting for MdsPlus Put Data
[04/08 20:26:22.267] [proc_sendData2Tree] open fail : task(Dev2) mode(LOCAL) mdsip(172.17.101.142:8000) tree(operation) shot(1)
[04/08 20:26:23.216] [NIDAQ_DAQ] Dev1 : mode(LOCAL) rate(10000) time(9.000000) status(READY TRANS ) shot(1/1)
[04/08 20:26:23.216] [NIDAQ_DAQ] Dev1 : mode(LOCAL) rate(10000) time(10.000000-1.000000 = 9.000000) beam(0)
[04/08 20:26:23.269] [threadFunc_NIDAQ_DAQ] Dev2 : retry 3 for proc_sendData2Tree()
[04/08 20:26:23.318] [proc_sendData2Tree] T0(1.000000) T1(10.000000) Blip(16.000000) Rate(10000)
[04/08 20:26:23.318] [proc_sendData2Tree] start(1) end(89999) gap(0.000100) samples(90000)
[04/08 20:26:23.318] [proc_sendData2Tree] connect : task(Dev1) mode(LOCAL) mdsip(172.17.101.142:8000)
[04/08 20:26:23.318] [proc_sendData2Tree] LocalMode : tree (operation) 
[04/08 20:26:23.318] [proc_sendData2Tree] open : task(Dev1) tree(operation) shot(1)
[04/08 20:26:25.320] [proc_sendData2Tree] open fail : task(Dev1) mode(LOCAL) mdsip(172.17.101.142:8000) tree(operation) shot(1)
[04/08 20:26:26.273] [close_local_file] Dev2 .channel 7..
[04/08 20:26:26.273] [SYS_ARMING] Dev1 : 0 
[04/08 20:26:26.273] [SYS_ARMING] Dev1 : release failed. status(READY TRANS )
[04/08 20:26:26.273] [SYS_ARMING] Dev2 : 0 
[04/08 20:26:26.273] [SYS_ARMING] Dev2 : release failed. status(READY TRANS )
[04/08 20:26:26.322] [threadFunc_NIDAQ_DAQ] Dev1 : retry 1 for proc_sendData2Tree()
[04/08 20:26:26.322] [proc_sendData2Tree] T0(1.000000) T1(10.000000) Blip(16.000000) Rate(10000)
[04/08 20:26:26.322] [proc_sendData2Tree] start(1) end(89999) gap(0.000100) samples(90000)
[04/08 20:26:26.322] [proc_sendData2Tree] connect : task(Dev1) mode(LOCAL) mdsip(172.17.101.142:8000)
[04/08 20:26:26.322] [proc_sendData2Tree] LocalMode : tree (operation) 
[04/08 20:26:26.322] [proc_sendData2Tree] open : task(Dev1) tree(operation) shot(1)
[04/08 20:26:27.276] [NIDAQ_DAQ] Dev2 : mode(LOCAL) rate(10000) time(9.000000) status(READY IDLE ) shot(1/1)
[04/08 20:26:27.276] [NIDAQ_DAQ] Dev2 : status(READY IDLE ) != master(READY TRANS )
[04/08 20:26:27.276] [NIDAQ_DAQ] Dev2 : mode(LOCAL) rate(10000) time(10.000000-1.000000 = 9.000000) beam(0)
[04/08 20:26:28.277] [NIDAQ_DAQ] Dev2 : mode(LOCAL) rate(10000) time(9.000000) status(READY IDLE ) shot(1/1)
[04/08 20:26:28.277] [NIDAQ_DAQ] Dev2 : status(READY IDLE ) != master(READY TRANS )
[04/08 20:26:28.277] [NIDAQ_DAQ] Dev2 : mode(LOCAL) rate(10000) time(10.000000-1.000000 = 9.000000) beam(0)
[04/08 20:26:28.324] [proc_sendData2Tree] open fail : task(Dev1) mode(LOCAL) mdsip(172.17.101.142:8000) tree(operation) shot(1)
[04/08 20:26:29.280] [NIDAQ_DAQ] Dev2 : mode(LOCAL) rate(10000) time(9.000000) status(READY IDLE ) shot(1/1)
[04/08 20:26:29.280] [NIDAQ_DAQ] Dev2 : status(READY IDLE ) != master(READY TRANS )
[04/08 20:26:29.280] [NIDAQ_DAQ] Dev2 : mode(LOCAL) rate(10000) time(10.000000-1.000000 = 9.000000) beam(0)
[04/08 20:26:29.326] [threadFunc_NIDAQ_DAQ] Dev1 : retry 2 for proc_sendData2Tree()
[04/08 20:26:29.326] [proc_sendData2Tree] T0(1.000000) T1(10.000000) Blip(16.000000) Rate(10000)
[04/08 20:26:29.326] [proc_sendData2Tree] start(1) end(89999) gap(0.000100) samples(90000)
[04/08 20:26:29.327] [proc_sendData2Tree] connect : task(Dev1) mode(LOCAL) mdsip(172.17.101.142:8000)
[04/08 20:26:29.327] [proc_sendData2Tree] LocalMode : tree (operation) 
[04/08 20:26:29.327] [proc_sendData2Tree] open : task(Dev1) tree(operation) shot(1)
[04/08 20:26:30.281] [NIDAQ_DAQ] Dev2 : mode(LOCAL) rate(10000) time(9.000000) status(READY IDLE ) shot(1/1)
[04/08 20:26:30.281] [NIDAQ_DAQ] Dev2 : status(READY IDLE ) != master(READY TRANS )
[04/08 20:26:30.281] [NIDAQ_DAQ] Dev2 : mode(LOCAL) rate(10000) time(10.000000-1.000000 = 9.000000) beam(0)
[04/08 20:26:31.284] [NIDAQ_DAQ] Dev2 : mode(LOCAL) rate(10000) time(9.000000) status(READY IDLE ) shot(1/1)
[04/08 20:26:31.284] [NIDAQ_DAQ] Dev2 : status(READY IDLE ) != master(READY TRANS )
[04/08 20:26:31.284] [NIDAQ_DAQ] Dev2 : mode(LOCAL) rate(10000) time(10.000000-1.000000 = 9.000000) beam(0)
[04/08 20:26:31.329] [proc_sendData2Tree] open fail : task(Dev1) mode(LOCAL) mdsip(172.17.101.142:8000) tree(operation) shot(1)
[04/08 20:26:32.285] [NIDAQ_DAQ] Dev2 : mode(LOCAL) rate(10000) time(9.000000) status(READY IDLE ) shot(1/1)
[04/08 20:26:32.285] [NIDAQ_DAQ] Dev2 : status(READY IDLE ) != master(READY TRANS )
[04/08 20:26:32.285] [NIDAQ_DAQ] Dev2 : mode(LOCAL) rate(10000) time(10.000000-1.000000 = 9.000000) beam(0)
[04/08 20:26:32.330] [threadFunc_NIDAQ_DAQ] Dev1 : retry 3 for proc_sendData2Tree()
[04/08 20:26:33.288] [NIDAQ_DAQ] Dev2 : mode(LOCAL) rate(10000) time(9.000000) status(READY IDLE ) shot(1/1)
[04/08 20:26:33.288] [NIDAQ_DAQ] Dev2 : status(READY IDLE ) != master(READY TRANS )
[04/08 20:26:33.288] [NIDAQ_DAQ] Dev2 : mode(LOCAL) rate(10000) time(10.000000-1.000000 = 9.000000) beam(0)
[04/08 20:26:34.289] [NIDAQ_DAQ] Dev2 : mode(LOCAL) rate(10000) time(9.000000) status(READY IDLE ) shot(1/1)
[04/08 20:26:34.289] [NIDAQ_DAQ] Dev2 : status(READY IDLE ) != master(READY TRANS )
[04/08 20:26:34.289] [NIDAQ_DAQ] Dev2 : mode(LOCAL) rate(10000) time(10.000000-1.000000 = 9.000000) beam(0)
[04/08 20:26:35.292] [NIDAQ_DAQ] Dev2 : mode(LOCAL) rate(10000) time(9.000000) status(READY IDLE ) shot(1/1)
[04/08 20:26:35.292] [NIDAQ_DAQ] Dev2 : status(READY IDLE ) != master(READY TRANS )
[04/08 20:26:35.292] [NIDAQ_DAQ] Dev2 : mode(LOCAL) rate(10000) time(10.000000-1.000000 = 9.000000) beam(0)
[04/08 20:26:35.335] [close_local_file] Dev1 .channel 16..
[04/08 20:26:35.335] [SYS_ARMING] Dev1 : 0 
[04/08 20:26:35.335] [SYS_ARMING] Dev1 : release failed. status(READY IDLE )
[04/08 20:26:35.335] [SYS_ARMING] Dev2 : 0 
[04/08 20:26:35.335] [SYS_ARMING] Dev2 : release failed. status(READY IDLE )
[04/08 20:26:36.293] [NIDAQ_DAQ] Dev2 : mode(LOCAL) rate(10000) time(9.000000) status(READY IDLE ) shot(1/1)
[04/08 20:26:36.293] [NIDAQ_DAQ] Dev2 : mode(LOCAL) rate(10000) time(10.000000-1.000000 = 9.000000) beam(0)
[04/08 20:26:36.337] [NIDAQ_DAQ] Dev1 : mode(LOCAL) rate(10000) time(9.000000) status(READY IDLE ) shot(1/1)
[04/08 20:26:36.337] [NIDAQ_DAQ] Dev1 : mode(LOCAL) rate(10000) time(10.000000-1.000000 = 9.000000) beam(0)
[04/08 20:26:37.296] [NIDAQ_DAQ] Dev2 : mode(LOCAL) rate(10000) time(9.000000) status(READY IDLE ) shot(1/1)
[04/08 20:26:37.296] [NIDAQ_DAQ] Dev2 : mode(LOCAL) rate(10000) time(10.000000-1.000000 = 9.000000) beam(0)
[04/08 20:26:37.339] [NIDAQ_DAQ] Dev1 : mode(LOCAL) rate(10000) time(9.000000) status(READY IDLE ) shot(1/1)
[04/08 20:26:37.339] [NIDAQ_DAQ] Dev1 : mode(LOCAL) rate(10000) time(10.000000-1.000000 = 9.000000) beam(0)
[04/08 20:26:38.297] [NIDAQ_DAQ] Dev2 : mode(LOCAL) rate(10000) time(9.000000) status(READY IDLE ) shot(1/1)
[04/08 20:26:38.297] [NIDAQ_DAQ] Dev2 : mode(LOCAL) rate(10000) time(10.000000-1.000000 = 9.000000) beam(0)
[04/08 20:26:38.341] [NIDAQ_DAQ] Dev1 : mode(LOCAL) rate(10000) time(9.000000) status(READY IDLE ) shot(1/1)
[04/08 20:26:38.341] [NIDAQ_DAQ] Dev1 : mode(LOCAL) rate(10000) time(10.000000-1.000000 = 9.000000) beam(0)
[04/08 20:26:39.300] [NIDAQ_DAQ] Dev2 : mode(LOCAL) rate(10000) time(9.000000) status(READY IDLE ) shot(1/1)
[04/08 20:26:39.300] [NIDAQ_DAQ] Dev2 : mode(LOCAL) rate(10000) time(10.000000-1.000000 = 9.000000) beam(0)
[04/08 20:26:39.343] [NIDAQ_DAQ] Dev1 : mode(LOCAL) rate(10000) time(9.000000) status(READY IDLE ) shot(1/1)
[04/08 20:26:39.343] [NIDAQ_DAQ] Dev1 : mode(LOCAL) rate(10000) time(10.000000-1.000000 = 9.000000) beam(0)
[04/08 20:26:40.301] [NIDAQ_DAQ] Dev2 : mode(LOCAL) rate(10000) time(9.000000) status(READY IDLE ) shot(1/1)
[04/08 20:26:40.301] [NIDAQ_DAQ] Dev2 : mode(LOCAL) rate(10000) time(10.000000-1.000000 = 9.000000) beam(0)
[04/08 20:26:40.345] [NIDAQ_DAQ] Dev1 : mode(LOCAL) rate(10000) time(9.000000) status(READY IDLE ) shot(1/1)
[04/08 20:26:40.345] [NIDAQ_DAQ] Dev1 : mode(LOCAL) rate(10000) time(10.000000-1.000000 = 9.000000) beam(0)
[04/08 20:26:41.304] [NIDAQ_DAQ] Dev2 : mode(LOCAL) rate(10000) time(9.000000) status(READY IDLE ) shot(1/1)
[04/08 20:26:41.304] [NIDAQ_DAQ] Dev2 : mode(LOCAL) rate(10000) time(10.000000-1.000000 = 9.000000) beam(0)
[04/08 20:26:41.347] [NIDAQ_DAQ] Dev1 : mode(LOCAL) rate(10000) time(9.000000) status(READY IDLE ) shot(1/1)
[04/08 20:26:41.347] [NIDAQ_DAQ] Dev1 : mode(LOCAL) rate(10000) time(10.000000-1.000000 = 9.000000) beam(0)
[04/08 20:26:42.306] [NIDAQ_DAQ] Dev2 : mode(LOCAL) rate(10000) time(9.000000) status(READY IDLE ) shot(1/1)
[04/08 20:26:42.306] [NIDAQ_DAQ] Dev2 : mode(LOCAL) rate(10000) time(10.000000-1.000000 = 9.000000) beam(0)
[04/08 20:26:42.349] [NIDAQ_DAQ] Dev1 : mode(LOCAL) rate(10000) time(9.000000) status(READY IDLE ) shot(1/1)
[04/08 20:26:42.349] [NIDAQ_DAQ] Dev1 : mode(LOCAL) rate(10000) time(10.000000-1.000000 = 9.000000) beam(0)
[04/08 20:26:43.308] [NIDAQ_DAQ] Dev2 : mode(LOCAL) rate(10000) time(9.000000) status(READY IDLE ) shot(1/1)
[04/08 20:26:43.308] [NIDAQ_DAQ] Dev2 : mode(LOCAL) rate(10000) time(10.000000-1.000000 = 9.000000) beam(0)
[04/08 20:26:43.351] [NIDAQ_DAQ] Dev1 : mode(LOCAL) rate(10000) time(9.000000) status(READY IDLE ) shot(1/1)
[04/08 20:26:43.351] [NIDAQ_DAQ] Dev1 : mode(LOCAL) rate(10000) time(10.000000-1.000000 = 9.000000) beam(0)
[04/08 20:26:44.310] [NIDAQ_DAQ] Dev2 : mode(LOCAL) rate(10000) time(9.000000) status(READY IDLE ) shot(1/1)
[04/08 20:26:44.310] [NIDAQ_DAQ] Dev2 : mode(LOCAL) rate(10000) time(10.000000-1.000000 = 9.000000) beam(0)
[04/08 20:26:44.353] [NIDAQ_DAQ] Dev1 : mode(LOCAL) rate(10000) time(9.000000) status(READY IDLE ) shot(1/1)
[04/08 20:26:44.353] [NIDAQ_DAQ] Dev1 : mode(LOCAL) rate(10000) time(10.000000-1.000000 = 9.000000) beam(0)
[04/08 20:26:45.312] [NIDAQ_DAQ] Dev2 : mode(LOCAL) rate(10000) time(9.000000) status(READY IDLE ) shot(1/1)
[04/08 20:26:45.312] [NIDAQ_DAQ] Dev2 : mode(LOCAL) rate(10000) time(10.000000-1.000000 = 9.000000) beam(0)
[04/08 20:26:45.355] [NIDAQ_DAQ] Dev1 : mode(LOCAL) rate(10000) time(9.000000) status(READY IDLE ) shot(1/1)
[04/08 20:26:45.355] [NIDAQ_DAQ] Dev1 : mode(LOCAL) rate(10000) time(10.000000-1.000000 = 9.000000) beam(0)
[04/08 20:26:46.314] [NIDAQ_DAQ] Dev2 : mode(LOCAL) rate(10000) time(9.000000) status(READY IDLE ) shot(1/1)
[04/08 20:26:46.314] [NIDAQ_DAQ] Dev2 : mode(LOCAL) rate(10000) time(10.000000-1.000000 = 9.000000) beam(0)
[04/08 20:26:46.357] [NIDAQ_DAQ] Dev1 : mode(LOCAL) rate(10000) time(9.000000) status(READY IDLE ) shot(1/1)
[04/08 20:26:46.357] [NIDAQ_DAQ] Dev1 : mode(LOCAL) rate(10000) time(10.000000-1.000000 = 9.000000) beam(0)
[04/08 20:26:47.316] [NIDAQ_DAQ] Dev2 : mode(LOCAL) rate(10000) time(9.000000) status(READY IDLE ) shot(1/1)
[04/08 20:26:47.316] [NIDAQ_DAQ] Dev2 : mode(LOCAL) rate(10000) time(10.000000-1.000000 = 9.000000) beam(0)
[04/08 20:26:47.359] [NIDAQ_DAQ] Dev1 : mode(LOCAL) rate(10000) time(9.000000) status(READY IDLE ) shot(1/1)
[04/08 20:26:47.359] [NIDAQ_DAQ] Dev1 : mode(LOCAL) rate(10000) time(10.000000-1.000000 = 9.000000) beam(0)
[04/08 20:26:48.319] [NIDAQ_DAQ] Dev2 : mode(LOCAL) rate(10000) time(9.000000) status(READY IDLE ) shot(1/1)
[04/08 20:26:48.319] [NIDAQ_DAQ] Dev2 : mode(LOCAL) rate(10000) time(10.000000-1.000000 = 9.000000) beam(0)
[04/08 20:26:48.361] [NIDAQ_DAQ] Dev1 : mode(LOCAL) rate(10000) time(9.000000) status(READY IDLE ) shot(1/1)
[04/08 20:26:48.361] [NIDAQ_DAQ] Dev1 : mode(LOCAL) rate(10000) time(10.000000-1.000000 = 9.000000) beam(0)
[04/08 20:26:49.321] [NIDAQ_DAQ] Dev2 : mode(LOCAL) rate(10000) time(9.000000) status(READY IDLE ) shot(1/1)
[04/08 20:26:49.321] [NIDAQ_DAQ] Dev2 : mode(LOCAL) rate(10000) time(10.000000-1.000000 = 9.000000) beam(0)
[04/08 20:26:49.363] [NIDAQ_DAQ] Dev1 : mode(LOCAL) rate(10000) time(9.000000) status(READY IDLE ) shot(1/1)
[04/08 20:26:49.363] [NIDAQ_DAQ] Dev1 : mode(LOCAL) rate(10000) time(10.000000-1.000000 = 9.000000) beam(0)
[04/08 20:26:50.324] [NIDAQ_DAQ] Dev2 : mode(LOCAL) rate(10000) time(9.000000) status(READY IDLE ) shot(1/1)
[04/08 20:26:50.324] [NIDAQ_DAQ] Dev2 : mode(LOCAL) rate(10000) time(10.000000-1.000000 = 9.000000) beam(0)
[04/08 20:26:50.365] [NIDAQ_DAQ] Dev1 : mode(LOCAL) rate(10000) time(9.000000) status(READY IDLE ) shot(1/1)
[04/08 20:26:50.365] [NIDAQ_DAQ] Dev1 : mode(LOCAL) rate(10000) time(10.000000-1.000000 = 9.000000) beam(0)
[04/08 20:26:51.326] [NIDAQ_DAQ] Dev2 : mode(LOCAL) rate(10000) time(9.000000) status(READY IDLE ) shot(1/1)
[04/08 20:26:51.326] [NIDAQ_DAQ] Dev2 : mode(LOCAL) rate(10000) time(10.000000-1.000000 = 9.000000) beam(0)
[04/08 20:26:51.367] [NIDAQ_DAQ] Dev1 : mode(LOCAL) rate(10000) time(9.000000) status(READY IDLE ) shot(1/1)
[04/08 20:26:51.367] [NIDAQ_DAQ] Dev1 : mode(LOCAL) rate(10000) time(10.000000-1.000000 = 9.000000) beam(0)
[04/08 20:26:52.329] [NIDAQ_DAQ] Dev2 : mode(LOCAL) rate(10000) time(9.000000) status(READY IDLE ) shot(1/1)
[04/08 20:26:52.329] [NIDAQ_DAQ] Dev2 : mode(LOCAL) rate(10000) time(10.000000-1.000000 = 9.000000) beam(0)
[04/08 20:26:52.369] [NIDAQ_DAQ] Dev1 : mode(LOCAL) rate(10000) time(9.000000) status(READY IDLE ) shot(1/1)
[04/08 20:26:52.369] [NIDAQ_DAQ] Dev1 : mode(LOCAL) rate(10000) time(10.000000-1.000000 = 9.000000) beam(0)
[04/08 20:26:53.331] [NIDAQ_DAQ] Dev2 : mode(LOCAL) rate(10000) time(9.000000) status(READY IDLE ) shot(1/1)
[04/08 20:26:53.331] [NIDAQ_DAQ] Dev2 : mode(LOCAL) rate(10000) time(10.000000-1.000000 = 9.000000) beam(0)
[04/08 20:26:53.371] [NIDAQ_DAQ] Dev1 : mode(LOCAL) rate(10000) time(9.000000) status(READY IDLE ) shot(1/1)
[04/08 20:26:53.371] [NIDAQ_DAQ] Dev1 : mode(LOCAL) rate(10000) time(10.000000-1.000000 = 9.000000) beam(0)
[04/08 20:26:54.334] [NIDAQ_DAQ] Dev2 : mode(LOCAL) rate(10000) time(9.000000) status(READY IDLE ) shot(1/1)
[04/08 20:26:54.334] [NIDAQ_DAQ] Dev2 : mode(LOCAL) rate(10000) time(10.000000-1.000000 = 9.000000) beam(0)
[04/08 20:26:54.373] [NIDAQ_DAQ] Dev1 : mode(LOCAL) rate(10000) time(9.000000) status(READY IDLE ) shot(1/1)
[04/08 20:26:54.373] [NIDAQ_DAQ] Dev1 : mode(LOCAL) rate(10000) time(10.000000-1.000000 = 9.000000) beam(0)
[04/08 20:26:55.336] [NIDAQ_DAQ] Dev2 : mode(LOCAL) rate(10000) time(9.000000) status(READY IDLE ) shot(1/1)
[04/08 20:26:55.336] [NIDAQ_DAQ] Dev2 : mode(LOCAL) rate(10000) time(10.000000-1.000000 = 9.000000) beam(0)
[04/08 20:26:55.375] [NIDAQ_DAQ] Dev1 : mode(LOCAL) rate(10000) time(9.000000) status(READY IDLE ) shot(1/1)
[04/08 20:26:55.375] [NIDAQ_DAQ] Dev1 : mode(LOCAL) rate(10000) time(10.000000-1.000000 = 9.000000) beam(0)
[04/08 20:26:56.339] [NIDAQ_DAQ] Dev2 : mode(LOCAL) rate(10000) time(9.000000) status(READY IDLE ) shot(1/1)
[04/08 20:26:56.339] [NIDAQ_DAQ] Dev2 : mode(LOCAL) rate(10000) time(10.000000-1.000000 = 9.000000) beam(0)
[04/08 20:26:56.377] [NIDAQ_DAQ] Dev1 : mode(LOCAL) rate(10000) time(9.000000) status(READY IDLE ) shot(1/1)
[04/08 20:26:56.377] [NIDAQ_DAQ] Dev1 : mode(LOCAL) rate(10000) time(10.000000-1.000000 = 9.000000) beam(0)
[04/08 20:26:57.341] [NIDAQ_DAQ] Dev2 : mode(LOCAL) rate(10000) time(9.000000) status(READY IDLE ) shot(1/1)
[04/08 20:26:57.341] [NIDAQ_DAQ] Dev2 : mode(LOCAL) rate(10000) time(10.000000-1.000000 = 9.000000) beam(0)
[04/08 20:26:57.379] [NIDAQ_DAQ] Dev1 : mode(LOCAL) rate(10000) time(9.000000) status(READY IDLE ) shot(1/1)
[04/08 20:26:57.379] [NIDAQ_DAQ] Dev1 : mode(LOCAL) rate(10000) time(10.000000-1.000000 = 9.000000) beam(0)
[04/08 20:26:58.343] [NIDAQ_DAQ] Dev2 : mode(LOCAL) rate(10000) time(9.000000) status(READY IDLE ) shot(1/1)
[04/08 20:26:58.343] [NIDAQ_DAQ] Dev2 : mode(LOCAL) rate(10000) time(10.000000-1.000000 = 9.000000) beam(0)
[04/08 20:26:58.381] [NIDAQ_DAQ] Dev1 : mode(LOCAL) rate(10000) time(9.000000) status(READY IDLE ) shot(1/1)
[04/08 20:26:58.381] [NIDAQ_DAQ] Dev1 : mode(LOCAL) rate(10000) time(10.000000-1.000000 = 9.000000) beam(0)
[04/08 20:26:59.346] [NIDAQ_DAQ] Dev2 : mode(LOCAL) rate(10000) time(9.000000) status(READY IDLE ) shot(1/1)
[04/08 20:26:59.346] [NIDAQ_DAQ] Dev2 : mode(LOCAL) rate(10000) time(10.000000-1.000000 = 9.000000) beam(0)
[04/08 20:26:59.383] [NIDAQ_DAQ] Dev1 : mode(LOCAL) rate(10000) time(9.000000) status(READY IDLE ) shot(1/1)
[04/08 20:26:59.383] [NIDAQ_DAQ] Dev1 : mode(LOCAL) rate(10000) time(10.000000-1.000000 = 9.000000) beam(0)
[04/08 20:27:00.348] [NIDAQ_DAQ] Dev2 : mode(LOCAL) rate(10000) time(9.000000) status(READY IDLE ) shot(1/1)
[04/08 20:27:00.348] [NIDAQ_DAQ] Dev2 : mode(LOCAL) rate(10000) time(10.000000-1.000000 = 9.000000) beam(0)
[04/08 20:27:00.385] [NIDAQ_DAQ] Dev1 : mode(LOCAL) rate(10000) time(9.000000) status(READY IDLE ) shot(1/1)
[04/08 20:27:00.385] [NIDAQ_DAQ] Dev1 : mode(LOCAL) rate(10000) time(10.000000-1.000000 = 9.000000) beam(0)
[04/08 20:27:01.349] [NIDAQ_DAQ] Dev2 : mode(LOCAL) rate(10000) time(9.000000) status(READY IDLE ) shot(1/1)
[04/08 20:27:01.349] [NIDAQ_DAQ] Dev2 : mode(LOCAL) rate(10000) time(10.000000-1.000000 = 9.000000) beam(0)
[04/08 20:27:01.387] [NIDAQ_DAQ] Dev1 : mode(LOCAL) rate(10000) time(9.000000) status(READY IDLE ) shot(1/1)
[04/08 20:27:01.387] [NIDAQ_DAQ] Dev1 : mode(LOCAL) rate(10000) time(10.000000-1.000000 = 9.000000) beam(0)
